2021-01-31 14:03:52.911 - INFO - 2876 - azureml.train.automl._azureautomlclient.modify_run_configuration:199 - Package azureml-train-automl missing from dependencies file.
2021-01-31 14:03:52.911 - INFO - 2876 - azureml.train.automl._azureautomlclient.modify_run_configuration:205 - Using pinned version: azureml-train-automl==1.20.0.*
2021-01-31 14:03:52.911 - INFO - 2876 - azureml.train.automl._azureautomlclient.modify_run_configuration:199 - Package pandas missing from dependencies file.
2021-01-31 14:03:52.912 - INFO - 2876 - azureml.train.automl._azureautomlclient.modify_run_configuration:205 - Using pinned version: pandas==0.25.1
2021-01-31 14:03:52.912 - INFO - 2876 - azureml.train.automl._azureautomlclient.modify_run_configuration:199 - Package psutil missing from dependencies file.
2021-01-31 14:03:52.913 - INFO - 2876 - azureml.train.automl._azureautomlclient.modify_run_configuration:205 - Using pinned version: psutil>5.0.0,<6.0.0
2021-01-31 14:03:52.913 - INFO - 2876 - azureml.train.automl._azureautomlclient.modify_run_configuration:199 - Package scikit-learn missing from dependencies file.
2021-01-31 14:03:52.914 - INFO - 2876 - azureml.train.automl._azureautomlclient.modify_run_configuration:205 - Using pinned version: scikit-learn==0.22.1
2021-01-31 14:03:52.914 - INFO - 2876 - azureml.train.automl._azureautomlclient.modify_run_configuration:199 - Package numpy missing from dependencies file.
2021-01-31 14:03:52.914 - INFO - 2876 - azureml.train.automl._azureautomlclient.modify_run_configuration:205 - Using pinned version: numpy~=1.18.0
2021-01-31 14:03:52.915 - INFO - 2876 - azureml.train.automl._azureautomlclient.modify_run_configuration:199 - Package py-xgboost missing from dependencies file.
2021-01-31 14:03:52.915 - INFO - 2876 - azureml.train.automl._azureautomlclient.modify_run_configuration:205 - Using pinned version: py-xgboost<=0.90
2021-01-31 14:03:52.917 - INFO - 2876 - azureml.train.automl._azureautomlclient.modify_run_configuration:199 - Package inference-schema missing from dependencies file.
2021-01-31 14:03:52.918 - INFO - 2876 - azureml.train.automl._azureautomlclient.modify_run_configuration:199 - Package fbprophet missing from dependencies file.
2021-01-31 14:03:52.926 - INFO - 2876 - azureml.train.automl._azureautomlclient.modify_run_configuration:205 - Using pinned version: fbprophet==0.5
2021-01-31 14:03:52.927 - INFO - 2876 - azureml.train.automl._azureautomlclient.modify_run_configuration:199 - Package setuptools-git missing from dependencies file.
2021-01-31 14:03:52.927 - INFO - 2876 - azureml.train.automl._azureautomlclient.modify_run_configuration:209 - Using installed version: setuptools-git==1.2
2021-01-31 14:03:52.934 - INFO - 2876 - azureml.train.automl._azureautomlclient._validate_input:664 - Start data validation.
2021-01-31 14:03:54.236 - INFO - 2876 - azureml.train.automl._azureautomlclient._validate_input:677 - Validation service found the data has no errors.
2021-01-31 14:03:54.236 - INFO - 2876 - azureml.train.automl._azureautomlclient._create_parent_run_for_remote:542 - Start creating parent run.
2021-01-31 14:03:54.460 - INFO - 2876 - azureml.train.automl._azureautomlclient._create_parent_run_for_remote:562 - [ParentRunID:AutoML_da0a796e-f542-4147-bd85-5af3ab81a563] Remote run using input X and y.
2021-01-31 14:03:54.559 - INFO - 2876 - azureml.train.automl._azureautomlclient._create_parent_run_for_remote:575 - Parent Run ID: AutoML_da0a796e-f542-4147-bd85-5af3ab81a563
2021-01-31 14:03:54.560 - INFO - 2876 - azureml.train.automl._azureautomlclient._fit_remote_core:503 - Starting a snapshot run (snapshot_id : None)
